MiniStore/app/build/intermediates/manifest_merge_blame_file/debug/manifest-merger-blame-debug-report.txt
1<?xml version="1.0" encoding="utf-8"?>
2<manifest xmlns:android="http://schemas.android.com/apk/res/android"
3    package="com.ministore.android"
4    android:versionCode="1"
5    android:versionName="1.0" >
6
7    <uses-sdk
8        android:minSdkVersion="26"
8-->src\main\AndroidManifest.xml
9        android:targetSdkVersion="33" />
9-->src\main\AndroidManifest.xml
10
11    <uses-permission android:name="android.permission.READ_EXTERNAL_STORAGE" />
11-->src\main\AndroidManifest.xml:7:5-80
11-->src\main\AndroidManifest.xml:7:22-77
12    <uses-permission android:name="android.permission.WRITE_EXTERNAL_STORAGE" />
12-->src\main\AndroidManifest.xml:8:5-81
12-->src\main\AndroidManifest.xml:8:22-78
13    <uses-permission android:name="android.permission.CAMERA" />
13-->src\main\AndroidManifest.xml:9:5-65
13-->src\main\AndroidManifest.xml:9:22-62
14    <uses-permission android:name="android.permission.ACCESS_NETWORK_STATE" />
14-->src\main\AndroidManifest.xml:10:5-79
14-->src\main\AndroidManifest.xml:10:22-76
15    <uses-permission android:name="android.permission.INTERNET" />
15-->src\main\AndroidManifest.xml:11:5-67
15-->src\main\AndroidManifest.xml:11:22-64
16
17    <queries>
17-->[com.github.momo-wallet:mobile-sdk:1.0.7] AndroidManifest.xml:13:5-16:15
18        <package android:name="com.mservice.momotransfer" />
18-->[com.github.momo-wallet:mobile-sdk:1.0.7] AndroidManifest.xml:14:9-61
18-->[com.github.momo-wallet:mobile-sdk:1.0.7] AndroidManifest.xml:14:18-58
19        <package android:name="vn.momo.platform.test" />
19-->[com.github.momo-wallet:mobile-sdk:1.0.7] AndroidManifest.xml:15:9-57
19-->[com.github.momo-wallet:mobile-sdk:1.0.7] AndroidManifest.xml:15:18-54
20    </queries>
21
22    <permission
22-->[androidx.core:core:1.9.0] AndroidManifest.xml:22:5-24:47
23        android:name="com.ministore.android.DYNAMIC_RECEIVER_NOT_EXPORTED_PERMISSION"
23-->[androidx.core:core:1.9.0] AndroidManifest.xml:23:9-81
24        android:protectionLevel="signature" />
24-->[androidx.core:core:1.9.0] AndroidManifest.xml:24:9-44
25
26    <uses-permission android:name="com.ministore.android.DYNAMIC_RECEIVER_NOT_EXPORTED_PERMISSION" />
26-->[androidx.core:core:1.9.0] AndroidManifest.xml:26:5-97
26-->[androidx.core:core:1.9.0] AndroidManifest.xml:26:22-94
27    <uses-permission android:name="android.permission.VIBRATE" />
27-->[io.card:android-sdk:5.3.4] AndroidManifest.xml:12:5-66
27-->[io.card:android-sdk:5.3.4] AndroidManifest.xml:12:22-63
28
29    <uses-feature
29-->[io.card:android-sdk:5.3.4] AndroidManifest.xml:14:5-16:36
30        android:name="android.hardware.camera"
30-->[io.card:android-sdk:5.3.4] AndroidManifest.xml:15:9-47
31        android:required="false" />
31-->[io.card:android-sdk:5.3.4] AndroidManifest.xml:16:9-33
32    <uses-feature
32-->[io.card:android-sdk:5.3.4] AndroidManifest.xml:17:5-19:36
33        android:name="android.hardware.camera.autofocus"
33-->[io.card:android-sdk:5.3.4] AndroidManifest.xml:18:9-57
34        android:required="false" />
34-->[io.card:android-sdk:5.3.4] AndroidManifest.xml:19:9-33
35
36    <application
36-->src\main\AndroidManifest.xml:13:5-123:19
37        android:name="com.ministore.android.MyApplication"
37-->src\main\AndroidManifest.xml:14:9-38
38        android:allowBackup="true"
38-->src\main\AndroidManifest.xml:15:9-35
39        android:appComponentFactory="androidx.core.app.CoreComponentFactory"
39-->[androidx.core:core:1.9.0] AndroidManifest.xml:28:18-86
40        android:debuggable="true"
41        android:extractNativeLibs="false"
42        android:hardwareAccelerated="true"
42-->[com.github.momo-wallet:mobile-sdk:1.0.7] AndroidManifest.xml:19:9-43
43        android:icon="@mipmap/ic_cute_book_pencil_cartoon"
43-->src\main\AndroidManifest.xml:16:9-59
44        android:label="@string/app_name"
44-->src\main\AndroidManifest.xml:17:9-41
45        android:roundIcon="@mipmap/ic_cute_book_pencil_cartoon_round"
45-->src\main\AndroidManifest.xml:18:9-70
46        android:supportsRtl="true"
46-->src\main\AndroidManifest.xml:19:9-35
47        android:testOnly="true"
48        android:theme="@style/Theme.MiniStore"
48-->src\main\AndroidManifest.xml:21:9-47
49        android:usesCleartextTraffic="true" >
49-->src\main\AndroidManifest.xml:22:9-44
50        <activity
50-->src\main\AndroidManifest.xml:23:9-26:20
51            android:name="com.ministore.android.activity.ChoosePayActivity"
51-->src\main\AndroidManifest.xml:24:13-55
52            android:exported="false" >
52-->src\main\AndroidManifest.xml:25:13-37
53        </activity>
54        <activity
54-->src\main\AndroidManifest.xml:27:9-29:40
55            android:name="com.ministore.android.activity.FindProductActivity"
55-->src\main\AndroidManifest.xml:28:13-57
56            android:exported="false" />
56-->src\main\AndroidManifest.xml:29:13-37
57        <activity
57-->src\main\AndroidManifest.xml:30:9-32:40
58            android:name="com.ministore.android.activity.ConfirmReturnActivity"
58-->src\main\AndroidManifest.xml:31:13-59
59            android:exported="false" />
59-->src\main\AndroidManifest.xml:32:13-37
60        <activity
60-->src\main\AndroidManifest.xml:33:9-35:40
61            android:name="com.ministore.android.activity.ReturnActivity"
61-->src\main\AndroidManifest.xml:34:13-52
62            android:exported="false" />
62-->src\main\AndroidManifest.xml:35:13-37
63        <activity
63-->src\main\AndroidManifest.xml:36:9-38:40
64            android:name="com.ministore.android.activity._NewImportActivity"
64-->src\main\AndroidManifest.xml:37:13-56
65            android:exported="false" />
65-->src\main\AndroidManifest.xml:38:13-37
66        <activity
66-->src\main\AndroidManifest.xml:39:9-41:40
67            android:name="com.ministore.android.activity.RateActivity"
67-->src\main\AndroidManifest.xml:40:13-50
68            android:exported="false" />
68-->src\main\AndroidManifest.xml:41:13-37
69        <activity
69-->src\main\AndroidManifest.xml:42:9-44:40
70            android:name="com.ministore.android.activity.CartActivity"
70-->src\main\AndroidManifest.xml:43:13-50
71            android:exported="false" />
71-->src\main\AndroidManifest.xml:44:13-37
72        <activity
72-->src\main\AndroidManifest.xml:45:9-47:40
73            android:name="com.ministore.android.activity.OrderDetailActivity"
73-->src\main\AndroidManifest.xml:46:13-57
74            android:exported="false" />
74-->src\main\AndroidManifest.xml:47:13-37
75        <activity
75-->src\main\AndroidManifest.xml:48:9-50:40
76            android:name="com.ministore.android.activity.OrderActivity"
76-->src\main\AndroidManifest.xml:49:13-51
77            android:exported="false" />
77-->src\main\AndroidManifest.xml:50:13-37
78        <activity
78-->src\main\AndroidManifest.xml:51:9-53:40
79            android:name="com.ministore.android.activity._OrderDetailActivity"
79-->src\main\AndroidManifest.xml:52:13-58
80            android:exported="false" />
80-->src\main\AndroidManifest.xml:53:13-37
81        <activity
81-->src\main\AndroidManifest.xml:54:9-56:40
82            android:name="com.ministore.android.activity._ImportDetailActivity"
82-->src\main\AndroidManifest.xml:55:13-59
83            android:exported="false" />
83-->src\main\AndroidManifest.xml:56:13-37
84        <activity
84-->src\main\AndroidManifest.xml:57:9-59:40
85            android:name="com.ministore.android.activity.ForgotPasswordActivity"
85-->src\main\AndroidManifest.xml:58:13-60
86            android:exported="false" />
86-->src\main\AndroidManifest.xml:59:13-37
87        <activity
87-->src\main\AndroidManifest.xml:60:9-62:40
88            android:name="com.ministore.android.activity.ChooseEmailOrPhoneActivity"
88-->src\main\AndroidManifest.xml:61:13-64
89            android:exported="false" />
89-->src\main\AndroidManifest.xml:62:13-37
90        <activity
90-->src\main\AndroidManifest.xml:63:9-65:40
91            android:name="com.ministore.android.activity.OTPActivity"
91-->src\main\AndroidManifest.xml:64:13-49
92            android:exported="false" />
92-->src\main\AndroidManifest.xml:65:13-37
93        <activity
93-->src\main\AndroidManifest.xml:66:9-68:40
94            android:name="com.ministore.android.activity.NewPasswordActivity"
94-->src\main\AndroidManifest.xml:67:13-57
95            android:exported="false" />
95-->src\main\AndroidManifest.xml:68:13-37
96        <activity
96-->src\main\AndroidManifest.xml:69:9-71:40
97            android:name="com.ministore.android.activity.EditAddressActivity"
97-->src\main\AndroidManifest.xml:70:13-57
98            android:exported="false" />
98-->src\main\AndroidManifest.xml:71:13-37
99        <activity
99-->src\main\AndroidManifest.xml:72:9-74:40
100            android:name="com.ministore.android.activity.AddressActivity"
100-->src\main\AndroidManifest.xml:73:13-53
101            android:exported="false" />
101-->src\main\AndroidManifest.xml:74:13-37
102        <activity
102-->src\main\AndroidManifest.xml:75:9-77:40
103            android:name="com.ministore.android.activity.CheckOutActivity"
103-->src\main\AndroidManifest.xml:76:13-54
104            android:exported="false" />
104-->src\main\AndroidManifest.xml:77:13-37
105        <activity
105-->src\main\AndroidManifest.xml:78:9-80:40
106            android:name="com.ministore.android.activity._ProductInfoActivity"
106-->src\main\AndroidManifest.xml:79:13-58
107            android:exported="false" />
107-->src\main\AndroidManifest.xml:80:13-37
108        <activity
108-->src\main\AndroidManifest.xml:81:9-83:40
109            android:name="com.ministore.android.activity._UserInfoActivity"
109-->src\main\AndroidManifest.xml:82:13-55
110            android:exported="false" />
110-->src\main\AndroidManifest.xml:83:13-37
111        <activity
111-->src\main\AndroidManifest.xml:84:9-86:40
112            android:name="com.ministore.android.activity._CategoryInfoActivity"
112-->src\main\AndroidManifest.xml:85:13-59
113            android:exported="false" />
113-->src\main\AndroidManifest.xml:86:13-37
114        <activity
114-->src\main\AndroidManifest.xml:87:9-89:40
115            android:name="com.ministore.android.activity._MainActivity"
115-->src\main\AndroidManifest.xml:88:13-51
116            android:exported="false" />
116-->src\main\AndroidManifest.xml:89:13-37
117        <activity
117-->src\main\AndroidManifest.xml:90:9-92:40
118            android:name="com.ministore.android.activity.SettingsActivity"
118-->src\main\AndroidManifest.xml:91:13-54
119            android:exported="false" />
119-->src\main\AndroidManifest.xml:92:13-37
120        <activity
120-->src\main\AndroidManifest.xml:93:9-95:40
121            android:name="com.ministore.android.activity.ChangePasswordActivity"
121-->src\main\AndroidManifest.xml:94:13-60
122            android:exported="false" />
122-->src\main\AndroidManifest.xml:95:13-37
123        <activity
123-->src\main\AndroidManifest.xml:96:9-98:40
124            android:name="com.ministore.android.activity.ProfileActivity"
124-->src\main\AndroidManifest.xml:97:13-53
125            android:exported="false" />
125-->src\main\AndroidManifest.xml:98:13-37
126        <activity
126-->src\main\AndroidManifest.xml:99:9-101:40
127            android:name="com.ministore.android.activity.DetailActivity"
127-->src\main\AndroidManifest.xml:100:13-52
128            android:exported="false" />
128-->src\main\AndroidManifest.xml:101:13-37
129        <activity
129-->src\main\AndroidManifest.xml:102:9-104:40
130            android:name="com.ministore.android.activity.ProductActivity"
130-->src\main\AndroidManifest.xml:103:13-53
131            android:exported="false" />
131-->src\main\AndroidManifest.xml:104:13-37
132        <activity
132-->src\main\AndroidManifest.xml:105:9-107:40
133            android:name="com.ministore.android.activity.OnboardingActivity"
133-->src\main\AndroidManifest.xml:106:13-56
134            android:exported="false" />
134-->src\main\AndroidManifest.xml:107:13-37
135        <activity
135-->src\main\AndroidManifest.xml:108:9-116:20
136            android:name="com.ministore.android.activity.SplashActivity"
136-->src\main\AndroidManifest.xml:109:13-52
137            android:exported="true" >
137-->src\main\AndroidManifest.xml:110:13-36
138            <intent-filter>
138-->src\main\AndroidManifest.xml:111:13-115:29
139                <action android:name="android.intent.action.MAIN" />
139-->src\main\AndroidManifest.xml:112:17-69
139-->src\main\AndroidManifest.xml:112:25-66
140
141                <category android:name="android.intent.category.LAUNCHER" />
141-->src\main\AndroidManifest.xml:114:17-77
141-->src\main\AndroidManifest.xml:114:27-74
142            </intent-filter>
143        </activity>
144        <activity
144-->src\main\AndroidManifest.xml:117:9-119:39
145            android:name="com.ministore.android.activity.MainActivity"
145-->src\main\AndroidManifest.xml:118:13-50
146            android:exported="true" />
146-->src\main\AndroidManifest.xml:119:13-36
147        <activity
147-->src\main\AndroidManifest.xml:120:9-122:39
148            android:name="com.ministore.android.activity.LoginActivity"
148-->src\main\AndroidManifest.xml:121:13-51
149            android:exported="true" />
149-->src\main\AndroidManifest.xml:122:13-36
150
151        <provider
151-->[gun0912.ted:tedbottompicker:2.0.1] AndroidManifest.xml:14:9-22:20
152            android:name="androidx.core.content.FileProvider"
152-->[gun0912.ted:tedbottompicker:2.0.1] AndroidManifest.xml:15:13-62
153            android:authorities="com.ministore.android.provider"
153-->[gun0912.ted:tedbottompicker:2.0.1] AndroidManifest.xml:16:13-60
154            android:exported="false"
154-->[gun0912.ted:tedbottompicker:2.0.1] AndroidManifest.xml:17:13-37
155            android:grantUriPermissions="true" >
155-->[gun0912.ted:tedbottompicker:2.0.1] AndroidManifest.xml:18:13-47
156            <meta-data
156-->[gun0912.ted:tedbottompicker:2.0.1] AndroidManifest.xml:19:13-21:58
157                android:name="android.support.FILE_PROVIDER_PATHS"
157-->[gun0912.ted:tedbottompicker:2.0.1] AndroidManifest.xml:20:17-67
158                android:resource="@xml/provider_paths" />
158-->[gun0912.ted:tedbottompicker:2.0.1] AndroidManifest.xml:21:17-55
159        </provider>
160
161        <activity
161-->[io.github.ParkSangGwon:tedpermission:3.3.0] AndroidManifest.xml:10:9-14:67
162            android:name="com.gun0912.tedpermission.TedPermissionActivity"
162-->[io.github.ParkSangGwon:tedpermission:3.3.0] AndroidManifest.xml:11:13-75
163            android:configChanges="mcc|mnc|locale|keyboard|keyboardHidden|screenLayout|fontScale|uiMode|orientation|screenSize|layoutDirection"
163-->[io.github.ParkSangGwon:tedpermission:3.3.0] AndroidManifest.xml:12:13-144
164            android:screenOrientation="unspecified"
164-->[io.github.ParkSangGwon:tedpermission:3.3.0] AndroidManifest.xml:13:13-52
165            android:theme="@style/Theme.Transparent.Permission" />
165-->[io.github.ParkSangGwon:tedpermission:3.3.0] AndroidManifest.xml:14:13-64
166
167        <provider
167-->[io.github.ParkSangGwon:tedpermission:3.3.0] AndroidManifest.xml:16:9-19:40
168            android:name="com.gun0912.tedpermission.provider.TedPermissionProvider"
168-->[io.github.ParkSangGwon:tedpermission:3.3.0] AndroidManifest.xml:17:13-84
169            android:authorities="com.ministore.android.tedpermissionprovider"
169-->[io.github.ParkSangGwon:tedpermission:3.3.0] AndroidManifest.xml:18:13-73
170            android:exported="false" />
170-->[io.github.ParkSangGwon:tedpermission:3.3.0] AndroidManifest.xml:19:13-37
171
172        <activity
172-->[gun0912.ted:tedonactivityresult:1.0.6] AndroidManifest.xml:10:9-14:75
173            android:name="com.gun0912.tedonactivityresult.ProxyActivity"
173-->[gun0912.ted:tedonactivityresult:1.0.6] AndroidManifest.xml:11:13-73
174            android:configChanges="mcc|mnc|locale|keyboard|keyboardHidden|screenLayout|fontScale|uiMode|orientation|screenSize|layoutDirection"
174-->[gun0912.ted:tedonactivityresult:1.0.6] AndroidManifest.xml:12:13-144
175            android:screenOrientation="unspecified"
175-->[gun0912.ted:tedonactivityresult:1.0.6] AndroidManifest.xml:13:13-52
176            android:theme="@style/android:Theme.Translucent.NoTitleBar" />
176-->[gun0912.ted:tedonactivityresult:1.0.6] AndroidManifest.xml:14:13-72
177
178        <provider
178-->[com.squareup.picasso:picasso:2.71828] AndroidManifest.xml:8:9-11:40
179            android:name="com.squareup.picasso.PicassoProvider"
179-->[com.squareup.picasso:picasso:2.71828] AndroidManifest.xml:9:13-64
180            android:authorities="com.ministore.android.com.squareup.picasso"
180-->[com.squareup.picasso:picasso:2.71828] AndroidManifest.xml:10:13-72
181            android:exported="false" />
181-->[com.squareup.picasso:picasso:2.71828] AndroidManifest.xml:11:13-37
182
183        <activity android:name="com.paypal.android.sdk.payments.PaymentActivity" />
183-->[com.paypal.sdk:paypal-android-sdk:2.14.2] AndroidManifest.xml:13:9-84
183-->[com.paypal.sdk:paypal-android-sdk:2.14.2] AndroidManifest.xml:13:19-81
184        <activity android:name="com.paypal.android.sdk.payments.PaymentMethodActivity" />
184-->[com.paypal.sdk:paypal-android-sdk:2.14.2] AndroidManifest.xml:14:9-90
184-->[com.paypal.sdk:paypal-android-sdk:2.14.2] AndroidManifest.xml:14:19-87
185        <activity android:name="com.paypal.android.sdk.payments.PaymentConfirmActivity" />
185-->[com.paypal.sdk:paypal-android-sdk:2.14.2] AndroidManifest.xml:15:9-91
185-->[com.paypal.sdk:paypal-android-sdk:2.14.2] AndroidManifest.xml:15:19-88
186        <activity android:name="com.paypal.android.sdk.payments.LoginActivity" />
186-->[com.paypal.sdk:paypal-android-sdk:2.14.2] AndroidManifest.xml:16:9-82
186-->[com.paypal.sdk:paypal-android-sdk:2.14.2] AndroidManifest.xml:16:19-79
187        <activity android:name="com.paypal.android.sdk.payments.PayPalFuturePaymentActivity" />
187-->[com.paypal.sdk:paypal-android-sdk:2.14.2] AndroidManifest.xml:17:9-96
187-->[com.paypal.sdk:paypal-android-sdk:2.14.2] AndroidManifest.xml:17:19-93
188        <activity android:name="com.paypal.android.sdk.payments.FuturePaymentConsentActivity" />
188-->[com.paypal.sdk:paypal-android-sdk:2.14.2] AndroidManifest.xml:18:9-97
188-->[com.paypal.sdk:paypal-android-sdk:2.14.2] AndroidManifest.xml:18:19-94
189        <activity android:name="com.paypal.android.sdk.payments.FuturePaymentInfoActivity" />
189-->[com.paypal.sdk:paypal-android-sdk:2.14.2] AndroidManifest.xml:19:9-94
189-->[com.paypal.sdk:paypal-android-sdk:2.14.2] AndroidManifest.xml:19:19-91
190        <activity android:name="com.paypal.android.sdk.payments.PayPalProfileSharingActivity" />
190-->[com.paypal.sdk:paypal-android-sdk:2.14.2] AndroidManifest.xml:20:9-97
190-->[com.paypal.sdk:paypal-android-sdk:2.14.2] AndroidManifest.xml:20:19-94
191        <activity android:name="com.paypal.android.sdk.payments.ProfileSharingConsentActivity" />
191-->[com.paypal.sdk:paypal-android-sdk:2.14.2] AndroidManifest.xml:21:9-98
191-->[com.paypal.sdk:paypal-android-sdk:2.14.2] AndroidManifest.xml:21:19-95
192
193        <service
193-->[com.paypal.sdk:paypal-android-sdk:2.14.2] AndroidManifest.xml:23:9-25:40
194            android:name="com.paypal.android.sdk.payments.PayPalService"
194-->[com.paypal.sdk:paypal-android-sdk:2.14.2] AndroidManifest.xml:24:13-73
195            android:exported="false" />
195-->[com.paypal.sdk:paypal-android-sdk:2.14.2] AndroidManifest.xml:25:13-37
196
197        <provider
197-->[androidx.emoji2:emoji2:1.2.0] AndroidManifest.xml:24:9-32:20
198            android:name="androidx.startup.InitializationProvider"
198-->[androidx.emoji2:emoji2:1.2.0] AndroidManifest.xml:25:13-67
199            android:authorities="com.ministore.android.androidx-startup"
199-->[androidx.emoji2:emoji2:1.2.0] AndroidManifest.xml:26:13-68
200            android:exported="false" >
200-->[androidx.emoji2:emoji2:1.2.0] AndroidManifest.xml:27:13-37
201            <meta-data
201-->[androidx.emoji2:emoji2:1.2.0] AndroidManifest.xml:29:13-31:52
202                android:name="androidx.emoji2.text.EmojiCompatInitializer"
202-->[androidx.emoji2:emoji2:1.2.0] AndroidManifest.xml:30:17-75
203                android:value="androidx.startup" />
203-->[androidx.emoji2:emoji2:1.2.0] AndroidManifest.xml:31:17-49
204            <meta-data
204-->[androidx.lifecycle:lifecycle-process:2.4.1] AndroidManifest.xml:31:13-33:52
205                android:name="androidx.lifecycle.ProcessLifecycleInitializer"
205-->[androidx.lifecycle:lifecycle-process:2.4.1] AndroidManifest.xml:32:17-78
206                android:value="androidx.startup" />
206-->[androidx.lifecycle:lifecycle-process:2.4.1] AndroidManifest.xml:33:17-49
207        </provider>
208
209        <activity
209-->[io.card:android-sdk:5.3.4] AndroidManifest.xml:22:9-24:66
210            android:name="io.card.payment.CardIOActivity"
210-->[io.card:android-sdk:5.3.4] AndroidManifest.xml:23:13-58
211            android:configChanges="keyboardHidden|orientation" />
211-->[io.card:android-sdk:5.3.4] AndroidManifest.xml:24:13-63
212        <activity android:name="io.card.payment.DataEntryActivity" />
212-->[io.card:android-sdk:5.3.4] AndroidManifest.xml:25:9-70
212-->[io.card:android-sdk:5.3.4] AndroidManifest.xml:25:19-67
213    </application>
214
215</manifest>